Sep 05, 2015 10:10:31 PM backup.Autosaverecord addLog
INFO: record
Sep 05, 2015 10:10:31 PM backup.Autosaverecord addLog
INFO: 05 September 2015 22:09:31
Sep 05, 2015 10:10:31 PM backup.Autosaverecord addLog
INFO: START SERVER
Sep 05, 2015 10:10:31 PM backup.Autosaverecord addLog
INFO: record
Sep 05, 2015 10:10:31 PM backup.Autosaverecord addLog
INFO: 05 September 2015 22:09:45
Sep 05, 2015 10:10:31 PM backup.Autosaverecord addLog
INFO: TABLET REGISTRATION
Sep 05, 2015 10:10:31 PM backup.Autosaverecord addLog
INFO: 550710076
Sep 05, 2015 10:10:31 PM backup.Autosaverecord addLog
INFO: Test (SM-P901)
Sep 05, 2015 10:10:31 PM backup.Autosaverecord addLog
INFO: record
Sep 05, 2015 10:10:31 PM backup.Autosaverecord addLog
INFO: 05 September 2015 22:09:49
Sep 05, 2015 10:10:31 PM backup.Autosaverecord addLog
INFO: REGISTER COMPLETE
Sep 05, 2015 10:10:31 PM backup.Autosaverecord addLog
INFO: 550710076
Sep 05, 2015 10:10:31 PM backup.Autosaverecord addLog
INFO: record
Sep 05, 2015 10:10:31 PM backup.Autosaverecord addLog
INFO: 05 September 2015 22:09:53
Sep 05, 2015 10:10:31 PM backup.Autosaverecord addLog
INFO: START ALL
Sep 05, 2015 10:10:31 PM backup.Autosaverecord addLog
INFO: record
Sep 05, 2015 10:10:31 PM backup.Autosaverecord addLog
INFO: 05 September 2015 22:09:55
Sep 05, 2015 10:10:31 PM backup.Autosaverecord addLog
INFO: SELECT
Sep 05, 2015 10:10:31 PM backup.Autosaverecord addLog
INFO: 550710076
Sep 05, 2015 10:10:31 PM backup.Autosaverecord addLog
INFO: MCQ001
Sep 05, 2015 10:10:31 PM backup.Autosaverecord addLog
INFO: E
Sep 05, 2015 10:10:31 PM backup.Autosaverecord addLog
INFO: record
Sep 05, 2015 10:10:31 PM backup.Autosaverecord addLog
INFO: 05 September 2015 22:10:02
Sep 05, 2015 10:10:31 PM backup.Autosaverecord addLog
INFO: SELECT
Sep 05, 2015 10:10:31 PM backup.Autosaverecord addLog
INFO: 550710076
Sep 05, 2015 10:10:31 PM backup.Autosaverecord addLog
INFO: MCQ002
Sep 05, 2015 10:10:31 PM backup.Autosaverecord addLog
INFO: E
Sep 05, 2015 10:10:31 PM backup.Autosaverecord addLog
INFO: record
Sep 05, 2015 10:10:31 PM backup.Autosaverecord addLog
INFO: 05 September 2015 22:10:08
Sep 05, 2015 10:10:31 PM backup.Autosaverecord addLog
INFO: SELECT
Sep 05, 2015 10:10:31 PM backup.Autosaverecord addLog
INFO: 550710076
Sep 05, 2015 10:10:31 PM backup.Autosaverecord addLog
INFO: MCQ004
Sep 05, 2015 10:10:31 PM backup.Autosaverecord addLog
INFO: E
Sep 05, 2015 10:10:31 PM backup.Autosaverecord addLog
INFO: record
Sep 05, 2015 10:10:31 PM backup.Autosaverecord addLog
INFO: 05 September 2015 22:10:14
Sep 05, 2015 10:10:31 PM backup.Autosaverecord addLog
INFO: SELECT
Sep 05, 2015 10:10:31 PM backup.Autosaverecord addLog
INFO: 550710076
Sep 05, 2015 10:10:31 PM backup.Autosaverecord addLog
INFO: MCQ005
Sep 05, 2015 10:10:31 PM backup.Autosaverecord addLog
INFO: E
Sep 05, 2015 10:10:31 PM backup.Autosaverecord addLog
INFO: record
Sep 05, 2015 10:10:31 PM backup.Autosaverecord addLog
INFO: 05 September 2015 22:10:20
Sep 05, 2015 10:10:31 PM backup.Autosaverecord addLog
INFO: SELECT
Sep 05, 2015 10:10:31 PM backup.Autosaverecord addLog
INFO: 550710076
Sep 05, 2015 10:10:31 PM backup.Autosaverecord addLog
INFO: MCQ003
Sep 05, 2015 10:10:31 PM backup.Autosaverecord addLog
INFO: E
Sep 05, 2015 10:10:31 PM backup.Autosaverecord addLog
INFO: record
Sep 05, 2015 10:10:31 PM backup.Autosaverecord addLog
INFO: 05 September 2015 22:10:29
Sep 05, 2015 10:10:31 PM backup.Autosaverecord addLog
INFO: SELECT
Sep 05, 2015 10:10:31 PM backup.Autosaverecord addLog
INFO: 550710076
Sep 05, 2015 10:10:31 PM backup.Autosaverecord addLog
INFO: MCQ006
Sep 05, 2015 10:10:31 PM backup.Autosaverecord addLog
INFO: D
Sep 05, 2015 10:11:32 PM backup.Autosaverecord addLog
INFO: record
Sep 05, 2015 10:11:32 PM backup.Autosaverecord addLog
INFO: 05 September 2015 22:10:35
Sep 05, 2015 10:11:32 PM backup.Autosaverecord addLog
INFO: SELECT
Sep 05, 2015 10:11:32 PM backup.Autosaverecord addLog
INFO: 550710076
Sep 05, 2015 10:11:32 PM backup.Autosaverecord addLog
INFO: MCQ007
Sep 05, 2015 10:11:32 PM backup.Autosaverecord addLog
INFO: D
Sep 05, 2015 10:11:32 PM backup.Autosaverecord addLog
INFO: record
Sep 05, 2015 10:11:32 PM backup.Autosaverecord addLog
INFO: 05 September 2015 22:10:41
Sep 05, 2015 10:11:32 PM backup.Autosaverecord addLog
INFO: SELECT
Sep 05, 2015 10:11:32 PM backup.Autosaverecord addLog
INFO: 550710076
Sep 05, 2015 10:11:32 PM backup.Autosaverecord addLog
INFO: MCQ008
Sep 05, 2015 10:11:32 PM backup.Autosaverecord addLog
INFO: D
Sep 05, 2015 10:11:32 PM backup.Autosaverecord addLog
INFO: record
Sep 05, 2015 10:11:32 PM backup.Autosaverecord addLog
INFO: 05 September 2015 22:10:47
Sep 05, 2015 10:11:32 PM backup.Autosaverecord addLog
INFO: SELECT
Sep 05, 2015 10:11:32 PM backup.Autosaverecord addLog
INFO: 550710076
Sep 05, 2015 10:11:32 PM backup.Autosaverecord addLog
INFO: MCQ009
Sep 05, 2015 10:11:32 PM backup.Autosaverecord addLog
INFO: D
Sep 05, 2015 10:11:32 PM backup.Autosaverecord addLog
INFO: record
Sep 05, 2015 10:11:32 PM backup.Autosaverecord addLog
INFO: 05 September 2015 22:10:53
Sep 05, 2015 10:11:32 PM backup.Autosaverecord addLog
INFO: SELECT
Sep 05, 2015 10:11:32 PM backup.Autosaverecord addLog
INFO: 550710076
Sep 05, 2015 10:11:32 PM backup.Autosaverecord addLog
INFO: MCQ010
Sep 05, 2015 10:11:32 PM backup.Autosaverecord addLog
INFO: D
Sep 05, 2015 10:11:32 PM backup.Autosaverecord addLog
INFO: record
Sep 05, 2015 10:11:32 PM backup.Autosaverecord addLog
INFO: 05 September 2015 22:10:59
Sep 05, 2015 10:11:32 PM backup.Autosaverecord addLog
INFO: SELECT
Sep 05, 2015 10:11:32 PM backup.Autosaverecord addLog
INFO: 550710076
Sep 05, 2015 10:11:32 PM backup.Autosaverecord addLog
INFO: MCQ011
Sep 05, 2015 10:11:32 PM backup.Autosaverecord addLog
INFO: A
Sep 05, 2015 10:11:32 PM backup.Autosaverecord addLog
INFO: record
Sep 05, 2015 10:11:32 PM backup.Autosaverecord addLog
INFO: 05 September 2015 22:11:05
Sep 05, 2015 10:11:32 PM backup.Autosaverecord addLog
INFO: SELECT
Sep 05, 2015 10:11:32 PM backup.Autosaverecord addLog
INFO: 550710076
Sep 05, 2015 10:11:32 PM backup.Autosaverecord addLog
INFO: MCQ012
Sep 05, 2015 10:11:32 PM backup.Autosaverecord addLog
INFO: A
Sep 05, 2015 10:11:32 PM backup.Autosaverecord addLog
INFO: record
Sep 05, 2015 10:11:32 PM backup.Autosaverecord addLog
INFO: 05 September 2015 22:11:11
Sep 05, 2015 10:11:32 PM backup.Autosaverecord addLog
INFO: SELECT
Sep 05, 2015 10:11:32 PM backup.Autosaverecord addLog
INFO: 550710076
Sep 05, 2015 10:11:32 PM backup.Autosaverecord addLog
INFO: MCQ013
Sep 05, 2015 10:11:32 PM backup.Autosaverecord addLog
INFO: A
Sep 05, 2015 10:11:32 PM backup.Autosaverecord addLog
INFO: record
Sep 05, 2015 10:11:32 PM backup.Autosaverecord addLog
INFO: 05 September 2015 22:11:17
Sep 05, 2015 10:11:32 PM backup.Autosaverecord addLog
INFO: SELECT
Sep 05, 2015 10:11:32 PM backup.Autosaverecord addLog
INFO: 550710076
Sep 05, 2015 10:11:32 PM backup.Autosaverecord addLog
INFO: MCQ014
Sep 05, 2015 10:11:32 PM backup.Autosaverecord addLog
INFO: A
Sep 05, 2015 10:11:32 PM backup.Autosaverecord addLog
INFO: record
Sep 05, 2015 10:11:32 PM backup.Autosaverecord addLog
INFO: 05 September 2015 22:11:23
Sep 05, 2015 10:11:32 PM backup.Autosaverecord addLog
INFO: SELECT
Sep 05, 2015 10:11:32 PM backup.Autosaverecord addLog
INFO: 550710076
Sep 05, 2015 10:11:32 PM backup.Autosaverecord addLog
INFO: MCQ015
Sep 05, 2015 10:11:32 PM backup.Autosaverecord addLog
INFO: A
Sep 05, 2015 10:11:32 PM backup.Autosaverecord addLog
INFO: record
Sep 05, 2015 10:11:32 PM backup.Autosaverecord addLog
INFO: 05 September 2015 22:11:29
Sep 05, 2015 10:11:32 PM backup.Autosaverecord addLog
INFO: SELECT
Sep 05, 2015 10:11:32 PM backup.Autosaverecord addLog
INFO: 550710076
Sep 05, 2015 10:11:32 PM backup.Autosaverecord addLog
INFO: MCQ016
Sep 05, 2015 10:11:32 PM backup.Autosaverecord addLog
INFO: B
Sep 05, 2015 10:12:33 PM backup.Autosaverecord addLog
INFO: record
Sep 05, 2015 10:12:33 PM backup.Autosaverecord addLog
INFO: 05 September 2015 22:11:35
Sep 05, 2015 10:12:33 PM backup.Autosaverecord addLog
INFO: SELECT
Sep 05, 2015 10:12:33 PM backup.Autosaverecord addLog
INFO: 550710076
Sep 05, 2015 10:12:33 PM backup.Autosaverecord addLog
INFO: MCQ017
Sep 05, 2015 10:12:33 PM backup.Autosaverecord addLog
INFO: B
Sep 05, 2015 10:12:33 PM backup.Autosaverecord addLog
INFO: record
Sep 05, 2015 10:12:33 PM backup.Autosaverecord addLog
INFO: 05 September 2015 22:11:41
Sep 05, 2015 10:12:33 PM backup.Autosaverecord addLog
INFO: SELECT
Sep 05, 2015 10:12:33 PM backup.Autosaverecord addLog
INFO: 550710076
Sep 05, 2015 10:12:33 PM backup.Autosaverecord addLog
INFO: MCQ018
Sep 05, 2015 10:12:33 PM backup.Autosaverecord addLog
INFO: B
Sep 05, 2015 10:12:33 PM backup.Autosaverecord addLog
INFO: record
Sep 05, 2015 10:12:33 PM backup.Autosaverecord addLog
INFO: 05 September 2015 22:11:47
Sep 05, 2015 10:12:33 PM backup.Autosaverecord addLog
INFO: SELECT
Sep 05, 2015 10:12:33 PM backup.Autosaverecord addLog
INFO: 550710076
Sep 05, 2015 10:12:33 PM backup.Autosaverecord addLog
INFO: MCQ019
Sep 05, 2015 10:12:33 PM backup.Autosaverecord addLog
INFO: B
Sep 05, 2015 10:12:33 PM backup.Autosaverecord addLog
INFO: record
Sep 05, 2015 10:12:33 PM backup.Autosaverecord addLog
INFO: 05 September 2015 22:11:53
Sep 05, 2015 10:12:33 PM backup.Autosaverecord addLog
INFO: SELECT
Sep 05, 2015 10:12:33 PM backup.Autosaverecord addLog
INFO: 550710076
Sep 05, 2015 10:12:33 PM backup.Autosaverecord addLog
INFO: MCQ020
Sep 05, 2015 10:12:33 PM backup.Autosaverecord addLog
INFO: B
Sep 05, 2015 10:12:33 PM backup.Autosaverecord addLog
INFO: record
Sep 05, 2015 10:12:33 PM backup.Autosaverecord addLog
INFO: 05 September 2015 22:11:59
Sep 05, 2015 10:12:33 PM backup.Autosaverecord addLog
INFO: SELECT
Sep 05, 2015 10:12:33 PM backup.Autosaverecord addLog
INFO: 550710076
Sep 05, 2015 10:12:33 PM backup.Autosaverecord addLog
INFO: MCQ021
Sep 05, 2015 10:12:33 PM backup.Autosaverecord addLog
INFO: D
Sep 05, 2015 10:12:33 PM backup.Autosaverecord addLog
INFO: record
Sep 05, 2015 10:12:33 PM backup.Autosaverecord addLog
INFO: 05 September 2015 22:12:05
Sep 05, 2015 10:12:33 PM backup.Autosaverecord addLog
INFO: SELECT
Sep 05, 2015 10:12:33 PM backup.Autosaverecord addLog
INFO: 550710076
Sep 05, 2015 10:12:33 PM backup.Autosaverecord addLog
INFO: MCQ022
Sep 05, 2015 10:12:33 PM backup.Autosaverecord addLog
INFO: D
Sep 05, 2015 10:12:33 PM backup.Autosaverecord addLog
INFO: record
Sep 05, 2015 10:12:33 PM backup.Autosaverecord addLog
INFO: 05 September 2015 22:12:11
Sep 05, 2015 10:12:33 PM backup.Autosaverecord addLog
INFO: SELECT
Sep 05, 2015 10:12:33 PM backup.Autosaverecord addLog
INFO: 550710076
Sep 05, 2015 10:12:33 PM backup.Autosaverecord addLog
INFO: MCQ023
Sep 05, 2015 10:12:33 PM backup.Autosaverecord addLog
INFO: D
Sep 05, 2015 10:12:33 PM backup.Autosaverecord addLog
INFO: record
Sep 05, 2015 10:12:33 PM backup.Autosaverecord addLog
INFO: 05 September 2015 22:12:17
Sep 05, 2015 10:12:33 PM backup.Autosaverecord addLog
INFO: SELECT
Sep 05, 2015 10:12:33 PM backup.Autosaverecord addLog
INFO: 550710076
Sep 05, 2015 10:12:33 PM backup.Autosaverecord addLog
INFO: MCQ024
Sep 05, 2015 10:12:33 PM backup.Autosaverecord addLog
INFO: D
Sep 05, 2015 10:12:33 PM backup.Autosaverecord addLog
INFO: record
Sep 05, 2015 10:12:33 PM backup.Autosaverecord addLog
INFO: 05 September 2015 22:12:23
Sep 05, 2015 10:12:33 PM backup.Autosaverecord addLog
INFO: SELECT
Sep 05, 2015 10:12:33 PM backup.Autosaverecord addLog
INFO: 550710076
Sep 05, 2015 10:12:33 PM backup.Autosaverecord addLog
INFO: MCQ025
Sep 05, 2015 10:12:33 PM backup.Autosaverecord addLog
INFO: D
Sep 05, 2015 10:12:33 PM backup.Autosaverecord addLog
INFO: record
Sep 05, 2015 10:12:33 PM backup.Autosaverecord addLog
INFO: 05 September 2015 22:12:29
Sep 05, 2015 10:12:33 PM backup.Autosaverecord addLog
INFO: SELECT
Sep 05, 2015 10:12:33 PM backup.Autosaverecord addLog
INFO: 550710076
Sep 05, 2015 10:12:33 PM backup.Autosaverecord addLog
INFO: MCQ026
Sep 05, 2015 10:12:33 PM backup.Autosaverecord addLog
INFO: A
Sep 05, 2015 10:13:34 PM backup.Autosaverecord addLog
INFO: record
Sep 05, 2015 10:13:34 PM backup.Autosaverecord addLog
INFO: 05 September 2015 22:12:35
Sep 05, 2015 10:13:34 PM backup.Autosaverecord addLog
INFO: SELECT
Sep 05, 2015 10:13:34 PM backup.Autosaverecord addLog
INFO: 550710076
Sep 05, 2015 10:13:34 PM backup.Autosaverecord addLog
INFO: MCQ027
Sep 05, 2015 10:13:34 PM backup.Autosaverecord addLog
INFO: A
Sep 05, 2015 10:13:34 PM backup.Autosaverecord addLog
INFO: record
Sep 05, 2015 10:13:34 PM backup.Autosaverecord addLog
INFO: 05 September 2015 22:12:41
Sep 05, 2015 10:13:34 PM backup.Autosaverecord addLog
INFO: SELECT
Sep 05, 2015 10:13:34 PM backup.Autosaverecord addLog
INFO: 550710076
Sep 05, 2015 10:13:34 PM backup.Autosaverecord addLog
INFO: MCQ029
Sep 05, 2015 10:13:34 PM backup.Autosaverecord addLog
INFO: B
Sep 05, 2015 10:13:34 PM backup.Autosaverecord addLog
INFO: record
Sep 05, 2015 10:13:34 PM backup.Autosaverecord addLog
INFO: 05 September 2015 22:12:47
Sep 05, 2015 10:13:34 PM backup.Autosaverecord addLog
INFO: SELECT
Sep 05, 2015 10:13:34 PM backup.Autosaverecord addLog
INFO: 550710076
Sep 05, 2015 10:13:34 PM backup.Autosaverecord addLog
INFO: MCQ030
Sep 05, 2015 10:13:34 PM backup.Autosaverecord addLog
INFO: A
Sep 05, 2015 10:14:35 PM backup.Autosaverecord addLog
INFO: record
Sep 05, 2015 10:14:35 PM backup.Autosaverecord addLog
INFO: 05 September 2015 22:13:44
Sep 05, 2015 10:14:35 PM backup.Autosaverecord addLog
INFO: SELECT
Sep 05, 2015 10:14:35 PM backup.Autosaverecord addLog
INFO: 550710076
Sep 05, 2015 10:14:35 PM backup.Autosaverecord addLog
INFO: MCQ031
Sep 05, 2015 10:14:35 PM backup.Autosaverecord addLog
INFO: A
Sep 05, 2015 10:14:35 PM backup.Autosaverecord addLog
INFO: record
Sep 05, 2015 10:14:35 PM backup.Autosaverecord addLog
INFO: 05 September 2015 22:13:50
Sep 05, 2015 10:14:35 PM backup.Autosaverecord addLog
INFO: SELECT
Sep 05, 2015 10:14:35 PM backup.Autosaverecord addLog
INFO: 550710076
Sep 05, 2015 10:14:35 PM backup.Autosaverecord addLog
INFO: MCQ032
Sep 05, 2015 10:14:35 PM backup.Autosaverecord addLog
INFO: A
Sep 05, 2015 10:14:35 PM backup.Autosaverecord addLog
INFO: record
Sep 05, 2015 10:14:35 PM backup.Autosaverecord addLog
INFO: 05 September 2015 22:13:56
Sep 05, 2015 10:14:35 PM backup.Autosaverecord addLog
INFO: SELECT
Sep 05, 2015 10:14:35 PM backup.Autosaverecord addLog
INFO: 550710076
Sep 05, 2015 10:14:35 PM backup.Autosaverecord addLog
INFO: MCQ033
Sep 05, 2015 10:14:35 PM backup.Autosaverecord addLog
INFO: A
Sep 05, 2015 10:14:35 PM backup.Autosaverecord addLog
INFO: record
Sep 05, 2015 10:14:35 PM backup.Autosaverecord addLog
INFO: 05 September 2015 22:14:02
Sep 05, 2015 10:14:35 PM backup.Autosaverecord addLog
INFO: SELECT
Sep 05, 2015 10:14:35 PM backup.Autosaverecord addLog
INFO: 550710076
Sep 05, 2015 10:14:35 PM backup.Autosaverecord addLog
INFO: MCQ034
Sep 05, 2015 10:14:35 PM backup.Autosaverecord addLog
INFO: A
Sep 05, 2015 10:14:35 PM backup.Autosaverecord addLog
INFO: record
Sep 05, 2015 10:14:35 PM backup.Autosaverecord addLog
INFO: 05 September 2015 22:14:08
Sep 05, 2015 10:14:35 PM backup.Autosaverecord addLog
INFO: SELECT
Sep 05, 2015 10:14:35 PM backup.Autosaverecord addLog
INFO: 550710076
Sep 05, 2015 10:14:35 PM backup.Autosaverecord addLog
INFO: MCQ035
Sep 05, 2015 10:14:35 PM backup.Autosaverecord addLog
INFO: A
Sep 05, 2015 10:14:35 PM backup.Autosaverecord addLog
INFO: record
Sep 05, 2015 10:14:35 PM backup.Autosaverecord addLog
INFO: 05 September 2015 22:14:14
Sep 05, 2015 10:14:35 PM backup.Autosaverecord addLog
INFO: SELECT
Sep 05, 2015 10:14:35 PM backup.Autosaverecord addLog
INFO: 550710076
Sep 05, 2015 10:14:35 PM backup.Autosaverecord addLog
INFO: MCQ036
Sep 05, 2015 10:14:35 PM backup.Autosaverecord addLog
INFO: B
Sep 05, 2015 10:14:35 PM backup.Autosaverecord addLog
INFO: record
Sep 05, 2015 10:14:35 PM backup.Autosaverecord addLog
INFO: 05 September 2015 22:14:20
Sep 05, 2015 10:14:35 PM backup.Autosaverecord addLog
INFO: SELECT
Sep 05, 2015 10:14:35 PM backup.Autosaverecord addLog
INFO: 550710076
Sep 05, 2015 10:14:35 PM backup.Autosaverecord addLog
INFO: MCQ037
Sep 05, 2015 10:14:35 PM backup.Autosaverecord addLog
INFO: B
Sep 05, 2015 10:14:35 PM backup.Autosaverecord addLog
INFO: record
Sep 05, 2015 10:14:35 PM backup.Autosaverecord addLog
INFO: 05 September 2015 22:14:26
Sep 05, 2015 10:14:35 PM backup.Autosaverecord addLog
INFO: SELECT
Sep 05, 2015 10:14:35 PM backup.Autosaverecord addLog
INFO: 550710076
Sep 05, 2015 10:14:35 PM backup.Autosaverecord addLog
INFO: MCQ038
Sep 05, 2015 10:14:35 PM backup.Autosaverecord addLog
INFO: B
Sep 05, 2015 10:14:35 PM backup.Autosaverecord addLog
INFO: record
Sep 05, 2015 10:14:35 PM backup.Autosaverecord addLog
INFO: 05 September 2015 22:14:32
Sep 05, 2015 10:14:35 PM backup.Autosaverecord addLog
INFO: SELECT
Sep 05, 2015 10:14:35 PM backup.Autosaverecord addLog
INFO: 550710076
Sep 05, 2015 10:14:35 PM backup.Autosaverecord addLog
INFO: MCQ039
Sep 05, 2015 10:14:35 PM backup.Autosaverecord addLog
INFO: B
Sep 05, 2015 10:15:36 PM backup.Autosaverecord addLog
INFO: record
Sep 05, 2015 10:15:36 PM backup.Autosaverecord addLog
INFO: 05 September 2015 22:14:38
Sep 05, 2015 10:15:36 PM backup.Autosaverecord addLog
INFO: SELECT
Sep 05, 2015 10:15:36 PM backup.Autosaverecord addLog
INFO: 550710076
Sep 05, 2015 10:15:36 PM backup.Autosaverecord addLog
INFO: MCQ040
Sep 05, 2015 10:15:36 PM backup.Autosaverecord addLog
INFO: B
Sep 05, 2015 10:16:37 PM backup.Autosaverecord addLog
INFO: record
Sep 05, 2015 10:16:37 PM backup.Autosaverecord addLog
INFO: 05 September 2015 22:15:56
Sep 05, 2015 10:16:37 PM backup.Autosaverecord addLog
INFO: SELECT
Sep 05, 2015 10:16:37 PM backup.Autosaverecord addLog
INFO: 550710076
Sep 05, 2015 10:16:37 PM backup.Autosaverecord addLog
INFO: MCQ041
Sep 05, 2015 10:16:37 PM backup.Autosaverecord addLog
INFO: E
Sep 05, 2015 10:16:37 PM backup.Autosaverecord addLog
INFO: record
Sep 05, 2015 10:16:37 PM backup.Autosaverecord addLog
INFO: 05 September 2015 22:16:04
Sep 05, 2015 10:16:37 PM backup.Autosaverecord addLog
INFO: SELECT
Sep 05, 2015 10:16:37 PM backup.Autosaverecord addLog
INFO: 550710076
Sep 05, 2015 10:16:37 PM backup.Autosaverecord addLog
INFO: MCQ042
Sep 05, 2015 10:16:37 PM backup.Autosaverecord addLog
INFO: E
Sep 05, 2015 10:16:37 PM backup.Autosaverecord addLog
INFO: record
Sep 05, 2015 10:16:37 PM backup.Autosaverecord addLog
INFO: 05 September 2015 22:16:29
Sep 05, 2015 10:16:37 PM backup.Autosaverecord addLog
INFO: SELECT
Sep 05, 2015 10:16:37 PM backup.Autosaverecord addLog
INFO: 550710076
Sep 05, 2015 10:16:37 PM backup.Autosaverecord addLog
INFO: MCQ043
Sep 05, 2015 10:16:37 PM backup.Autosaverecord addLog
INFO: B
Sep 05, 2015 10:16:37 PM backup.Autosaverecord addLog
INFO: record
Sep 05, 2015 10:16:37 PM backup.Autosaverecord addLog
INFO: 05 September 2015 22:16:35
Sep 05, 2015 10:16:37 PM backup.Autosaverecord addLog
INFO: SELECT
Sep 05, 2015 10:16:37 PM backup.Autosaverecord addLog
INFO: 550710076
Sep 05, 2015 10:16:37 PM backup.Autosaverecord addLog
INFO: MCQ044
Sep 05, 2015 10:16:37 PM backup.Autosaverecord addLog
INFO: B
Sep 05, 2015 10:17:38 PM backup.Autosaverecord addLog
INFO: record
Sep 05, 2015 10:17:38 PM backup.Autosaverecord addLog
INFO: 05 September 2015 22:16:41
Sep 05, 2015 10:17:38 PM backup.Autosaverecord addLog
INFO: SELECT
Sep 05, 2015 10:17:38 PM backup.Autosaverecord addLog
INFO: 550710076
Sep 05, 2015 10:17:38 PM backup.Autosaverecord addLog
INFO: MCQ045
Sep 05, 2015 10:17:38 PM backup.Autosaverecord addLog
INFO: B
Sep 05, 2015 10:17:38 PM backup.Autosaverecord addLog
INFO: record
Sep 05, 2015 10:17:38 PM backup.Autosaverecord addLog
INFO: 05 September 2015 22:17:11
Sep 05, 2015 10:17:38 PM backup.Autosaverecord addLog
INFO: SELECT
Sep 05, 2015 10:17:38 PM backup.Autosaverecord addLog
INFO: 550710076
Sep 05, 2015 10:17:38 PM backup.Autosaverecord addLog
INFO: MCQ046
Sep 05, 2015 10:17:38 PM backup.Autosaverecord addLog
INFO: B
Sep 05, 2015 10:17:38 PM backup.Autosaverecord addLog
INFO: record
Sep 05, 2015 10:17:38 PM backup.Autosaverecord addLog
INFO: 05 September 2015 22:17:17
Sep 05, 2015 10:17:38 PM backup.Autosaverecord addLog
INFO: SELECT
Sep 05, 2015 10:17:38 PM backup.Autosaverecord addLog
INFO: 550710076
Sep 05, 2015 10:17:38 PM backup.Autosaverecord addLog
INFO: MCQ047
Sep 05, 2015 10:17:38 PM backup.Autosaverecord addLog
INFO: B
Sep 05, 2015 10:17:38 PM backup.Autosaverecord addLog
INFO: record
Sep 05, 2015 10:17:38 PM backup.Autosaverecord addLog
INFO: 05 September 2015 22:17:23
Sep 05, 2015 10:17:38 PM backup.Autosaverecord addLog
INFO: SELECT
Sep 05, 2015 10:17:38 PM backup.Autosaverecord addLog
INFO: 550710076
Sep 05, 2015 10:17:38 PM backup.Autosaverecord addLog
INFO: MCQ048
Sep 05, 2015 10:17:38 PM backup.Autosaverecord addLog
INFO: B
Sep 05, 2015 10:17:38 PM backup.Autosaverecord addLog
INFO: record
Sep 05, 2015 10:17:38 PM backup.Autosaverecord addLog
INFO: 05 September 2015 22:17:29
Sep 05, 2015 10:17:38 PM backup.Autosaverecord addLog
INFO: SELECT
Sep 05, 2015 10:17:38 PM backup.Autosaverecord addLog
INFO: 550710076
Sep 05, 2015 10:17:38 PM backup.Autosaverecord addLog
INFO: MCQ049
Sep 05, 2015 10:17:38 PM backup.Autosaverecord addLog
INFO: B
Sep 05, 2015 10:17:38 PM backup.Autosaverecord addLog
INFO: record
Sep 05, 2015 10:17:38 PM backup.Autosaverecord addLog
INFO: 05 September 2015 22:17:35
Sep 05, 2015 10:17:38 PM backup.Autosaverecord addLog
INFO: SELECT
Sep 05, 2015 10:17:38 PM backup.Autosaverecord addLog
INFO: 550710076
Sep 05, 2015 10:17:38 PM backup.Autosaverecord addLog
INFO: MCQ050
Sep 05, 2015 10:17:38 PM backup.Autosaverecord addLog
INFO: B
Sep 05, 2015 10:18:39 PM backup.Autosaverecord addLog
INFO: record
Sep 05, 2015 10:18:39 PM backup.Autosaverecord addLog
INFO: 05 September 2015 22:17:41
Sep 05, 2015 10:18:39 PM backup.Autosaverecord addLog
INFO: SELECT
Sep 05, 2015 10:18:39 PM backup.Autosaverecord addLog
INFO: 550710076
Sep 05, 2015 10:18:39 PM backup.Autosaverecord addLog
INFO: MCQ051
Sep 05, 2015 10:18:39 PM backup.Autosaverecord addLog
INFO: A
Sep 05, 2015 10:18:39 PM backup.Autosaverecord addLog
INFO: record
Sep 05, 2015 10:18:39 PM backup.Autosaverecord addLog
INFO: 05 September 2015 22:17:47
Sep 05, 2015 10:18:39 PM backup.Autosaverecord addLog
INFO: SELECT
Sep 05, 2015 10:18:39 PM backup.Autosaverecord addLog
INFO: 550710076
Sep 05, 2015 10:18:39 PM backup.Autosaverecord addLog
INFO: MCQ052
Sep 05, 2015 10:18:39 PM backup.Autosaverecord addLog
INFO: A
