Jan 14, 2015 11:31:53 AM backup.Autosaverecord addLog
INFO: record
Jan 14, 2015 11:31:53 AM backup.Autosaverecord addLog
INFO: 14 January 2015 11:30:54
Jan 14, 2015 11:31:53 AM backup.Autosaverecord addLog
INFO: START SERVER
Jan 14, 2015 11:36:58 AM backup.Autosaverecord addLog
INFO: record
Jan 14, 2015 11:36:58 AM backup.Autosaverecord addLog
INFO: 14 January 2015 11:36:23
Jan 14, 2015 11:36:58 AM backup.Autosaverecord addLog
INFO: TABLET REGISTRATION
Jan 14, 2015 11:36:58 AM backup.Autosaverecord addLog
INFO: 530710001
Jan 14, 2015 11:36:58 AM backup.Autosaverecord addLog
INFO: 100 (SM-P901)
Jan 14, 2015 11:37:59 AM backup.Autosaverecord addLog
INFO: record
Jan 14, 2015 11:37:59 AM backup.Autosaverecord addLog
INFO: 14 January 2015 11:37:27
Jan 14, 2015 11:37:59 AM backup.Autosaverecord addLog
INFO: TABLET REGISTRATION
Jan 14, 2015 11:37:59 AM backup.Autosaverecord addLog
INFO: 530710002
Jan 14, 2015 11:37:59 AM backup.Autosaverecord addLog
INFO: 098 (SM-P901)
Jan 14, 2015 11:37:59 AM backup.Autosaverecord addLog
INFO: record
Jan 14, 2015 11:37:59 AM backup.Autosaverecord addLog
INFO: 14 January 2015 11:37:33
Jan 14, 2015 11:37:59 AM backup.Autosaverecord addLog
INFO: TABLET REGISTRATION
Jan 14, 2015 11:37:59 AM backup.Autosaverecord addLog
INFO: 530710003
Jan 14, 2015 11:37:59 AM backup.Autosaverecord addLog
INFO: 099 (SM-P901)
Jan 14, 2015 11:39:00 AM backup.Autosaverecord addLog
INFO: record
Jan 14, 2015 11:39:00 AM backup.Autosaverecord addLog
INFO: 14 January 2015 11:38:03
Jan 14, 2015 11:39:00 AM backup.Autosaverecord addLog
INFO: TABLET REGISTRATION
Jan 14, 2015 11:39:00 AM backup.Autosaverecord addLog
INFO: 530710004
Jan 14, 2015 11:39:00 AM backup.Autosaverecord addLog
INFO: 097 (SM-P901)
Jan 14, 2015 11:39:00 AM backup.Autosaverecord addLog
INFO: record
Jan 14, 2015 11:39:00 AM backup.Autosaverecord addLog
INFO: 14 January 2015 11:38:40
Jan 14, 2015 11:39:00 AM backup.Autosaverecord addLog
INFO: TABLET REGISTRATION
Jan 14, 2015 11:39:00 AM backup.Autosaverecord addLog
INFO: 530710005
Jan 14, 2015 11:39:00 AM backup.Autosaverecord addLog
INFO: 096 (SM-P901)
Jan 14, 2015 11:39:00 AM backup.Autosaverecord addLog
INFO: record
Jan 14, 2015 11:39:00 AM backup.Autosaverecord addLog
INFO: 14 January 2015 11:38:40
Jan 14, 2015 11:39:00 AM backup.Autosaverecord addLog
INFO: TABLET REGISTRATION
Jan 14, 2015 11:39:00 AM backup.Autosaverecord addLog
INFO: 530710006
Jan 14, 2015 11:39:00 AM backup.Autosaverecord addLog
INFO: 106 (SM-P901)
