Jan 14, 2015 11:43:12 AM backup.Autosaverecord addLog
INFO: record
Jan 14, 2015 11:43:12 AM backup.Autosaverecord addLog
INFO: 14 January 2015 11:42:12
Jan 14, 2015 11:43:12 AM backup.Autosaverecord addLog
INFO: START SERVER
Jan 14, 2015 11:43:12 AM backup.Autosaverecord addLog
INFO: record
Jan 14, 2015 11:43:12 AM backup.Autosaverecord addLog
INFO: 14 January 2015 11:42:23
Jan 14, 2015 11:43:12 AM backup.Autosaverecord addLog
INFO: TABLET REGISTRATION
Jan 14, 2015 11:43:12 AM backup.Autosaverecord addLog
INFO: 530710001
Jan 14, 2015 11:43:12 AM backup.Autosaverecord addLog
INFO: 100 (SM-P901)
Jan 14, 2015 11:43:12 AM backup.Autosaverecord addLog
INFO: record
Jan 14, 2015 11:43:12 AM backup.Autosaverecord addLog
INFO: 14 January 2015 11:42:31
Jan 14, 2015 11:43:12 AM backup.Autosaverecord addLog
INFO: START
Jan 14, 2015 11:43:12 AM backup.Autosaverecord addLog
INFO: 530710001
Jan 14, 2015 11:43:12 AM backup.Autosaverecord addLog
INFO: record
Jan 14, 2015 11:43:12 AM backup.Autosaverecord addLog
INFO: 14 January 2015 11:43:04
Jan 14, 2015 11:43:12 AM backup.Autosaverecord addLog
INFO: TABLET REGISTRATION
Jan 14, 2015 11:43:12 AM backup.Autosaverecord addLog
INFO: 530710002
Jan 14, 2015 11:43:12 AM backup.Autosaverecord addLog
INFO: 099 (SM-P901)
Jan 14, 2015 11:43:12 AM backup.Autosaverecord addLog
INFO: record
Jan 14, 2015 11:43:12 AM backup.Autosaverecord addLog
INFO: 14 January 2015 11:43:09
Jan 14, 2015 11:43:12 AM backup.Autosaverecord addLog
INFO: TABLET REGISTRATION
Jan 14, 2015 11:43:12 AM backup.Autosaverecord addLog
INFO: 530710003
Jan 14, 2015 11:43:12 AM backup.Autosaverecord addLog
INFO: 098 (SM-P901)
Jan 14, 2015 11:44:13 AM backup.Autosaverecord addLog
INFO: record
Jan 14, 2015 11:44:13 AM backup.Autosaverecord addLog
INFO: 14 January 2015 11:43:17
Jan 14, 2015 11:44:13 AM backup.Autosaverecord addLog
INFO: TABLET REGISTRATION
Jan 14, 2015 11:44:13 AM backup.Autosaverecord addLog
INFO: 530710004
Jan 14, 2015 11:44:13 AM backup.Autosaverecord addLog
INFO: 097 (SM-P901)
Jan 14, 2015 11:44:13 AM backup.Autosaverecord addLog
INFO: record
Jan 14, 2015 11:44:13 AM backup.Autosaverecord addLog
INFO: 14 January 2015 11:43:24
Jan 14, 2015 11:44:13 AM backup.Autosaverecord addLog
INFO: TABLET REGISTRATION
Jan 14, 2015 11:44:13 AM backup.Autosaverecord addLog
INFO: 530710005
Jan 14, 2015 11:44:13 AM backup.Autosaverecord addLog
INFO: 106 (SM-P901)
Jan 14, 2015 11:44:13 AM backup.Autosaverecord addLog
INFO: record
Jan 14, 2015 11:44:13 AM backup.Autosaverecord addLog
INFO: 14 January 2015 11:43:25
Jan 14, 2015 11:44:13 AM backup.Autosaverecord addLog
INFO: TABLET REGISTRATION
Jan 14, 2015 11:44:13 AM backup.Autosaverecord addLog
INFO: 530710006
Jan 14, 2015 11:44:13 AM backup.Autosaverecord addLog
INFO: 093 (SM-P901)
Jan 14, 2015 11:44:13 AM backup.Autosaverecord addLog
INFO: record
Jan 14, 2015 11:44:13 AM backup.Autosaverecord addLog
INFO: 14 January 2015 11:43:32
Jan 14, 2015 11:44:13 AM backup.Autosaverecord addLog
INFO: TABLET REGISTRATION
Jan 14, 2015 11:44:13 AM backup.Autosaverecord addLog
INFO: 530710007
Jan 14, 2015 11:44:13 AM backup.Autosaverecord addLog
INFO: 096 (SM-P901)
Jan 14, 2015 11:44:13 AM backup.Autosaverecord addLog
INFO: record
Jan 14, 2015 11:44:13 AM backup.Autosaverecord addLog
INFO: 14 January 2015 11:43:42
Jan 14, 2015 11:44:13 AM backup.Autosaverecord addLog
INFO: TABLET REGISTRATION
Jan 14, 2015 11:44:13 AM backup.Autosaverecord addLog
INFO: 530710008
Jan 14, 2015 11:44:13 AM backup.Autosaverecord addLog
INFO: 108 (SM-P901)
Jan 14, 2015 11:44:13 AM backup.Autosaverecord addLog
INFO: record
Jan 14, 2015 11:44:13 AM backup.Autosaverecord addLog
INFO: 14 January 2015 11:43:51
Jan 14, 2015 11:44:13 AM backup.Autosaverecord addLog
INFO: TABLET REGISTRATION
Jan 14, 2015 11:44:13 AM backup.Autosaverecord addLog
INFO: 530710009
Jan 14, 2015 11:44:13 AM backup.Autosaverecord addLog
INFO: 109 (SM-P901)
Jan 14, 2015 11:44:13 AM backup.Autosaverecord addLog
INFO: record
Jan 14, 2015 11:44:13 AM backup.Autosaverecord addLog
INFO: 14 January 2015 11:44:01
Jan 14, 2015 11:44:13 AM backup.Autosaverecord addLog
INFO: TABLET REGISTRATION
Jan 14, 2015 11:44:13 AM backup.Autosaverecord addLog
INFO: 530710010
Jan 14, 2015 11:44:13 AM backup.Autosaverecord addLog
INFO: 110 (SM-P901)
Jan 14, 2015 11:44:13 AM backup.Autosaverecord addLog
INFO: record
Jan 14, 2015 11:44:13 AM backup.Autosaverecord addLog
INFO: 14 January 2015 11:44:02
Jan 14, 2015 11:44:13 AM backup.Autosaverecord addLog
INFO: TABLET REGISTRATION
Jan 14, 2015 11:44:13 AM backup.Autosaverecord addLog
INFO: 530710011
Jan 14, 2015 11:44:13 AM backup.Autosaverecord addLog
INFO: 062 (SM-P901)
Jan 14, 2015 11:44:13 AM backup.Autosaverecord addLog
INFO: record
Jan 14, 2015 11:44:13 AM backup.Autosaverecord addLog
INFO: 14 January 2015 11:44:10
Jan 14, 2015 11:44:13 AM backup.Autosaverecord addLog
INFO: TABLET REGISTRATION
Jan 14, 2015 11:44:13 AM backup.Autosaverecord addLog
INFO: 530710012
Jan 14, 2015 11:44:13 AM backup.Autosaverecord addLog
INFO: 092 (SM-P901)
Jan 14, 2015 11:45:14 AM backup.Autosaverecord addLog
INFO: record
Jan 14, 2015 11:45:14 AM backup.Autosaverecord addLog
INFO: 14 January 2015 11:44:13
Jan 14, 2015 11:45:14 AM backup.Autosaverecord addLog
INFO: TABLET REGISTRATION
Jan 14, 2015 11:45:14 AM backup.Autosaverecord addLog
INFO: 530710013
Jan 14, 2015 11:45:14 AM backup.Autosaverecord addLog
INFO: 063 (SM-P901)
Jan 14, 2015 11:45:14 AM backup.Autosaverecord addLog
INFO: record
Jan 14, 2015 11:45:14 AM backup.Autosaverecord addLog
INFO: 14 January 2015 11:44:16
Jan 14, 2015 11:45:14 AM backup.Autosaverecord addLog
INFO: TABLET REGISTRATION
Jan 14, 2015 11:45:14 AM backup.Autosaverecord addLog
INFO: 530710014
Jan 14, 2015 11:45:14 AM backup.Autosaverecord addLog
INFO: 095 (SM-P901)
Jan 14, 2015 11:45:14 AM backup.Autosaverecord addLog
INFO: record
Jan 14, 2015 11:45:14 AM backup.Autosaverecord addLog
INFO: 14 January 2015 11:44:20
Jan 14, 2015 11:45:14 AM backup.Autosaverecord addLog
INFO: TABLET REGISTRATION
Jan 14, 2015 11:45:14 AM backup.Autosaverecord addLog
INFO: 530710015
Jan 14, 2015 11:45:14 AM backup.Autosaverecord addLog
INFO: 066 (SM-P901)
Jan 14, 2015 11:45:14 AM backup.Autosaverecord addLog
INFO: record
Jan 14, 2015 11:45:14 AM backup.Autosaverecord addLog
INFO: 14 January 2015 11:44:22
Jan 14, 2015 11:45:14 AM backup.Autosaverecord addLog
INFO: TABLET REGISTRATION
Jan 14, 2015 11:45:14 AM backup.Autosaverecord addLog
INFO: 530710016
Jan 14, 2015 11:45:14 AM backup.Autosaverecord addLog
INFO: 064 (SM-P901)
Jan 14, 2015 11:45:14 AM backup.Autosaverecord addLog
INFO: record
Jan 14, 2015 11:45:14 AM backup.Autosaverecord addLog
INFO: 14 January 2015 11:44:22
Jan 14, 2015 11:45:14 AM backup.Autosaverecord addLog
INFO: TABLET REGISTRATION
Jan 14, 2015 11:45:14 AM backup.Autosaverecord addLog
INFO: 530710017
Jan 14, 2015 11:45:14 AM backup.Autosaverecord addLog
INFO: 091 (SM-P901)
Jan 14, 2015 11:45:14 AM backup.Autosaverecord addLog
INFO: record
Jan 14, 2015 11:45:14 AM backup.Autosaverecord addLog
INFO: 14 January 2015 11:44:27
Jan 14, 2015 11:45:14 AM backup.Autosaverecord addLog
INFO: TABLET REGISTRATION
Jan 14, 2015 11:45:14 AM backup.Autosaverecord addLog
INFO: 530710018
Jan 14, 2015 11:45:14 AM backup.Autosaverecord addLog
INFO: 094 (SM-P901)
Jan 14, 2015 11:45:14 AM backup.Autosaverecord addLog
INFO: record
Jan 14, 2015 11:45:14 AM backup.Autosaverecord addLog
INFO: 14 January 2015 11:44:35
Jan 14, 2015 11:45:14 AM backup.Autosaverecord addLog
INFO: TABLET REGISTRATION
Jan 14, 2015 11:45:14 AM backup.Autosaverecord addLog
INFO: 530710019
Jan 14, 2015 11:45:14 AM backup.Autosaverecord addLog
INFO: 070 (SM-P901)
Jan 14, 2015 11:45:14 AM backup.Autosaverecord addLog
INFO: record
Jan 14, 2015 11:45:14 AM backup.Autosaverecord addLog
INFO: 14 January 2015 11:44:35
Jan 14, 2015 11:45:14 AM backup.Autosaverecord addLog
INFO: TABLET REGISTRATION
Jan 14, 2015 11:45:14 AM backup.Autosaverecord addLog
INFO: 530710020
Jan 14, 2015 11:45:14 AM backup.Autosaverecord addLog
INFO: 067 (SM-P901)
Jan 14, 2015 11:45:14 AM backup.Autosaverecord addLog
INFO: record
Jan 14, 2015 11:45:14 AM backup.Autosaverecord addLog
INFO: 14 January 2015 11:44:38
Jan 14, 2015 11:45:14 AM backup.Autosaverecord addLog
INFO: TABLET REGISTRATION
Jan 14, 2015 11:45:14 AM backup.Autosaverecord addLog
INFO: 530710021
Jan 14, 2015 11:45:14 AM backup.Autosaverecord addLog
INFO: 061  (SM-P901)
Jan 14, 2015 11:45:14 AM backup.Autosaverecord addLog
INFO: record
Jan 14, 2015 11:45:14 AM backup.Autosaverecord addLog
INFO: 14 January 2015 11:44:45
Jan 14, 2015 11:45:14 AM backup.Autosaverecord addLog
INFO: TABLET REGISTRATION
Jan 14, 2015 11:45:14 AM backup.Autosaverecord addLog
INFO: 530710022
Jan 14, 2015 11:45:14 AM backup.Autosaverecord addLog
INFO: 065 (SM-P901)
Jan 14, 2015 11:45:14 AM backup.Autosaverecord addLog
INFO: record
Jan 14, 2015 11:45:14 AM backup.Autosaverecord addLog
INFO: 14 January 2015 11:44:49
Jan 14, 2015 11:45:14 AM backup.Autosaverecord addLog
INFO: TABLET REGISTRATION
Jan 14, 2015 11:45:14 AM backup.Autosaverecord addLog
INFO: 530710023
Jan 14, 2015 11:45:14 AM backup.Autosaverecord addLog
INFO: 069 (SM-P901)
Jan 14, 2015 11:45:14 AM backup.Autosaverecord addLog
INFO: record
Jan 14, 2015 11:45:14 AM backup.Autosaverecord addLog
INFO: 14 January 2015 11:44:52
Jan 14, 2015 11:45:14 AM backup.Autosaverecord addLog
INFO: TABLET REGISTRATION
Jan 14, 2015 11:45:14 AM backup.Autosaverecord addLog
INFO: 530710024
Jan 14, 2015 11:45:14 AM backup.Autosaverecord addLog
INFO: 068 (SM-P901)
Jan 14, 2015 11:45:14 AM backup.Autosaverecord addLog
INFO: record
Jan 14, 2015 11:45:14 AM backup.Autosaverecord addLog
INFO: 14 January 2015 11:45:00
Jan 14, 2015 11:45:14 AM backup.Autosaverecord addLog
INFO: TABLET REGISTRATION
Jan 14, 2015 11:45:14 AM backup.Autosaverecord addLog
INFO: 530710025
Jan 14, 2015 11:45:14 AM backup.Autosaverecord addLog
INFO: 075 (SM-P901)
Jan 14, 2015 11:45:14 AM backup.Autosaverecord addLog
INFO: record
Jan 14, 2015 11:45:14 AM backup.Autosaverecord addLog
INFO: 14 January 2015 11:45:05
Jan 14, 2015 11:45:14 AM backup.Autosaverecord addLog
INFO: TABLET REGISTRATION
Jan 14, 2015 11:45:14 AM backup.Autosaverecord addLog
INFO: 530710026
Jan 14, 2015 11:45:14 AM backup.Autosaverecord addLog
INFO: 089 (SM-P901)
Jan 14, 2015 11:45:14 AM backup.Autosaverecord addLog
INFO: record
Jan 14, 2015 11:45:14 AM backup.Autosaverecord addLog
INFO: 14 January 2015 11:45:08
Jan 14, 2015 11:45:14 AM backup.Autosaverecord addLog
INFO: TABLET REGISTRATION
Jan 14, 2015 11:45:14 AM backup.Autosaverecord addLog
INFO: 530710027
Jan 14, 2015 11:45:14 AM backup.Autosaverecord addLog
INFO: 082 (SM-P901)
Jan 14, 2015 11:45:14 AM backup.Autosaverecord addLog
INFO: record
Jan 14, 2015 11:45:14 AM backup.Autosaverecord addLog
INFO: 14 January 2015 11:45:11
Jan 14, 2015 11:45:14 AM backup.Autosaverecord addLog
INFO: TABLET REGISTRATION
Jan 14, 2015 11:45:14 AM backup.Autosaverecord addLog
INFO: 530710028
Jan 14, 2015 11:45:14 AM backup.Autosaverecord addLog
INFO: 090 (SM-P901)
Jan 14, 2015 11:46:15 AM backup.Autosaverecord addLog
INFO: record
Jan 14, 2015 11:46:15 AM backup.Autosaverecord addLog
INFO: 14 January 2015 11:45:17
Jan 14, 2015 11:46:15 AM backup.Autosaverecord addLog
INFO: TABLET REGISTRATION
Jan 14, 2015 11:46:15 AM backup.Autosaverecord addLog
INFO: 530710029
Jan 14, 2015 11:46:15 AM backup.Autosaverecord addLog
INFO: 083 (SM-P901)
Jan 14, 2015 11:46:15 AM backup.Autosaverecord addLog
INFO: record
Jan 14, 2015 11:46:15 AM backup.Autosaverecord addLog
INFO: 14 January 2015 11:45:22
Jan 14, 2015 11:46:15 AM backup.Autosaverecord addLog
INFO: TABLET REGISTRATION
Jan 14, 2015 11:46:15 AM backup.Autosaverecord addLog
INFO: 530710030
Jan 14, 2015 11:46:15 AM backup.Autosaverecord addLog
INFO: 104 (SM-P901)
Jan 14, 2015 11:46:15 AM backup.Autosaverecord addLog
INFO: record
Jan 14, 2015 11:46:15 AM backup.Autosaverecord addLog
INFO: 14 January 2015 11:45:25
Jan 14, 2015 11:46:15 AM backup.Autosaverecord addLog
INFO: TABLET REGISTRATION
Jan 14, 2015 11:46:15 AM backup.Autosaverecord addLog
INFO: 530710031
Jan 14, 2015 11:46:15 AM backup.Autosaverecord addLog
INFO: 102 (SM-P901)
Jan 14, 2015 11:46:15 AM backup.Autosaverecord addLog
INFO: record
Jan 14, 2015 11:46:15 AM backup.Autosaverecord addLog
INFO: 14 January 2015 11:45:33
Jan 14, 2015 11:46:15 AM backup.Autosaverecord addLog
INFO: TABLET REGISTRATION
Jan 14, 2015 11:46:15 AM backup.Autosaverecord addLog
INFO: 530710032
Jan 14, 2015 11:46:15 AM backup.Autosaverecord addLog
INFO: SM-P901
Jan 14, 2015 11:46:15 AM backup.Autosaverecord addLog
INFO: record
Jan 14, 2015 11:46:15 AM backup.Autosaverecord addLog
INFO: 14 January 2015 11:45:35
Jan 14, 2015 11:46:15 AM backup.Autosaverecord addLog
INFO: TABLET REGISTRATION
Jan 14, 2015 11:46:15 AM backup.Autosaverecord addLog
INFO: 530710033
Jan 14, 2015 11:46:15 AM backup.Autosaverecord addLog
INFO: 105 (SM-P901)
Jan 14, 2015 11:46:15 AM backup.Autosaverecord addLog
INFO: record
Jan 14, 2015 11:46:15 AM backup.Autosaverecord addLog
INFO: 14 January 2015 11:45:36
Jan 14, 2015 11:46:15 AM backup.Autosaverecord addLog
INFO: TABLET REGISTRATION
Jan 14, 2015 11:46:15 AM backup.Autosaverecord addLog
INFO: 530710034
Jan 14, 2015 11:46:15 AM backup.Autosaverecord addLog
INFO: 076 (SM-P901)
Jan 14, 2015 11:46:15 AM backup.Autosaverecord addLog
INFO: record
Jan 14, 2015 11:46:15 AM backup.Autosaverecord addLog
INFO: 14 January 2015 11:45:37
Jan 14, 2015 11:46:15 AM backup.Autosaverecord addLog
INFO: TABLET REGISTRATION
Jan 14, 2015 11:46:15 AM backup.Autosaverecord addLog
INFO: 530710035
Jan 14, 2015 11:46:15 AM backup.Autosaverecord addLog
INFO: 088 (SM-P901)
Jan 14, 2015 11:46:15 AM backup.Autosaverecord addLog
INFO: record
Jan 14, 2015 11:46:15 AM backup.Autosaverecord addLog
INFO: 14 January 2015 11:45:38
Jan 14, 2015 11:46:15 AM backup.Autosaverecord addLog
INFO: TABLET REGISTRATION
Jan 14, 2015 11:46:15 AM backup.Autosaverecord addLog
INFO: 530710036
Jan 14, 2015 11:46:15 AM backup.Autosaverecord addLog
INFO: 103 (SM-P901)
Jan 14, 2015 11:46:15 AM backup.Autosaverecord addLog
INFO: record
Jan 14, 2015 11:46:15 AM backup.Autosaverecord addLog
INFO: 14 January 2015 11:45:48
Jan 14, 2015 11:46:15 AM backup.Autosaverecord addLog
INFO: DEACTIVATE
Jan 14, 2015 11:46:15 AM backup.Autosaverecord addLog
INFO: 530710033
Jan 14, 2015 11:46:15 AM backup.Autosaverecord addLog
INFO: record
Jan 14, 2015 11:46:15 AM backup.Autosaverecord addLog
INFO: 14 January 2015 11:46:02
Jan 14, 2015 11:46:15 AM backup.Autosaverecord addLog
INFO: TABLET REGISTRATION
Jan 14, 2015 11:46:15 AM backup.Autosaverecord addLog
INFO: 530710037
Jan 14, 2015 11:46:15 AM backup.Autosaverecord addLog
INFO: 087 (SM-P901)
Jan 14, 2015 11:46:15 AM backup.Autosaverecord addLog
INFO: record
Jan 14, 2015 11:46:15 AM backup.Autosaverecord addLog
INFO: 14 January 2015 11:46:03
Jan 14, 2015 11:46:15 AM backup.Autosaverecord addLog
INFO: TABLET REGISTRATION
Jan 14, 2015 11:46:15 AM backup.Autosaverecord addLog
INFO: 530710038
Jan 14, 2015 11:46:15 AM backup.Autosaverecord addLog
INFO: 084 (SM-P901)
Jan 14, 2015 11:46:15 AM backup.Autosaverecord addLog
INFO: record
Jan 14, 2015 11:46:15 AM backup.Autosaverecord addLog
INFO: 14 January 2015 11:46:09
Jan 14, 2015 11:46:15 AM backup.Autosaverecord addLog
INFO: TABLET REGISTRATION
Jan 14, 2015 11:46:15 AM backup.Autosaverecord addLog
INFO: 530710039
Jan 14, 2015 11:46:15 AM backup.Autosaverecord addLog
INFO: 086 (SM-P901)
Jan 14, 2015 11:46:15 AM backup.Autosaverecord addLog
INFO: record
Jan 14, 2015 11:46:15 AM backup.Autosaverecord addLog
INFO: 14 January 2015 11:46:10
Jan 14, 2015 11:46:15 AM backup.Autosaverecord addLog
INFO: TABLET REGISTRATION
Jan 14, 2015 11:46:15 AM backup.Autosaverecord addLog
INFO: 530710040
Jan 14, 2015 11:46:15 AM backup.Autosaverecord addLog
INFO: 079 (SM-P901)
Jan 14, 2015 11:47:16 AM backup.Autosaverecord addLog
INFO: record
Jan 14, 2015 11:47:16 AM backup.Autosaverecord addLog
INFO: 14 January 2015 11:46:15
Jan 14, 2015 11:47:16 AM backup.Autosaverecord addLog
INFO: TABLET REGISTRATION
Jan 14, 2015 11:47:16 AM backup.Autosaverecord addLog
INFO: 530710041
Jan 14, 2015 11:47:16 AM backup.Autosaverecord addLog
INFO: 077 (SM-P901)
Jan 14, 2015 11:47:16 AM backup.Autosaverecord addLog
INFO: record
Jan 14, 2015 11:47:16 AM backup.Autosaverecord addLog
INFO: 14 January 2015 11:46:24
Jan 14, 2015 11:47:16 AM backup.Autosaverecord addLog
INFO: DISCONNECT
Jan 14, 2015 11:47:16 AM backup.Autosaverecord addLog
INFO: 530710041
Jan 14, 2015 11:47:16 AM backup.Autosaverecord addLog
INFO: record
Jan 14, 2015 11:47:16 AM backup.Autosaverecord addLog
INFO: 14 January 2015 11:46:37
Jan 14, 2015 11:47:16 AM backup.Autosaverecord addLog
INFO: DEACTIVATE
Jan 14, 2015 11:47:16 AM backup.Autosaverecord addLog
INFO: 530710033
Jan 14, 2015 11:47:16 AM backup.Autosaverecord addLog
INFO: record
Jan 14, 2015 11:47:16 AM backup.Autosaverecord addLog
INFO: 14 January 2015 11:46:42
Jan 14, 2015 11:47:16 AM backup.Autosaverecord addLog
INFO: TABLET REGISTRATION
Jan 14, 2015 11:47:16 AM backup.Autosaverecord addLog
INFO: 530710042
Jan 14, 2015 11:47:16 AM backup.Autosaverecord addLog
INFO: 085 (SM-P901)
Jan 14, 2015 11:47:16 AM backup.Autosaverecord addLog
INFO: record
Jan 14, 2015 11:47:16 AM backup.Autosaverecord addLog
INFO: 14 January 2015 11:46:42
Jan 14, 2015 11:47:16 AM backup.Autosaverecord addLog
INFO: TABLET REGISTRATION
Jan 14, 2015 11:47:16 AM backup.Autosaverecord addLog
INFO: 530710041
Jan 14, 2015 11:47:16 AM backup.Autosaverecord addLog
INFO: 077 (SM-P901)
Jan 14, 2015 11:47:16 AM backup.Autosaverecord addLog
INFO: record
Jan 14, 2015 11:47:16 AM backup.Autosaverecord addLog
INFO: 14 January 2015 11:46:43
Jan 14, 2015 11:47:16 AM backup.Autosaverecord addLog
INFO: TABLET REGISTRATION
Jan 14, 2015 11:47:16 AM backup.Autosaverecord addLog
INFO: 530710043
Jan 14, 2015 11:47:16 AM backup.Autosaverecord addLog
INFO: 073 (SM-P901)
Jan 14, 2015 11:47:16 AM backup.Autosaverecord addLog
INFO: record
Jan 14, 2015 11:47:16 AM backup.Autosaverecord addLog
INFO: 14 January 2015 11:46:48
Jan 14, 2015 11:47:16 AM backup.Autosaverecord addLog
INFO: TABLET REGISTRATION
Jan 14, 2015 11:47:16 AM backup.Autosaverecord addLog
INFO: 530710044
Jan 14, 2015 11:47:16 AM backup.Autosaverecord addLog
INFO: 081 (SM-P901)
Jan 14, 2015 11:47:16 AM backup.Autosaverecord addLog
INFO: record
Jan 14, 2015 11:47:16 AM backup.Autosaverecord addLog
INFO: 14 January 2015 11:46:49
Jan 14, 2015 11:47:16 AM backup.Autosaverecord addLog
INFO: TABLET REGISTRATION
Jan 14, 2015 11:47:16 AM backup.Autosaverecord addLog
INFO: 530710045
Jan 14, 2015 11:47:16 AM backup.Autosaverecord addLog
INFO: 078 (SM-P901)
Jan 14, 2015 11:47:16 AM backup.Autosaverecord addLog
INFO: record
Jan 14, 2015 11:47:16 AM backup.Autosaverecord addLog
INFO: 14 January 2015 11:47:08
Jan 14, 2015 11:47:16 AM backup.Autosaverecord addLog
INFO: TABLET REGISTRATION
Jan 14, 2015 11:47:16 AM backup.Autosaverecord addLog
INFO: 530710046
Jan 14, 2015 11:47:16 AM backup.Autosaverecord addLog
INFO: 072 (SM-P901)
Jan 14, 2015 11:47:16 AM backup.Autosaverecord addLog
INFO: record
Jan 14, 2015 11:47:16 AM backup.Autosaverecord addLog
INFO: 14 January 2015 11:47:14
Jan 14, 2015 11:47:16 AM backup.Autosaverecord addLog
INFO: TABLET REGISTRATION
Jan 14, 2015 11:47:16 AM backup.Autosaverecord addLog
INFO: 530710047
Jan 14, 2015 11:47:16 AM backup.Autosaverecord addLog
INFO: 080 (SM-P901)
Jan 14, 2015 11:48:17 AM backup.Autosaverecord addLog
INFO: record
Jan 14, 2015 11:48:17 AM backup.Autosaverecord addLog
INFO: 14 January 2015 11:47:33
Jan 14, 2015 11:48:17 AM backup.Autosaverecord addLog
INFO: TABLET REGISTRATION
Jan 14, 2015 11:48:17 AM backup.Autosaverecord addLog
INFO: 530710048
Jan 14, 2015 11:48:17 AM backup.Autosaverecord addLog
INFO: 074 (SM-P901)
Jan 14, 2015 11:48:17 AM backup.Autosaverecord addLog
INFO: record
Jan 14, 2015 11:48:17 AM backup.Autosaverecord addLog
INFO: 14 January 2015 11:47:37
Jan 14, 2015 11:48:17 AM backup.Autosaverecord addLog
INFO: TABLET REGISTRATION
Jan 14, 2015 11:48:17 AM backup.Autosaverecord addLog
INFO: 530710049
Jan 14, 2015 11:48:17 AM backup.Autosaverecord addLog
INFO: 071 (SM-P901)
Jan 14, 2015 11:48:17 AM backup.Autosaverecord addLog
INFO: record
Jan 14, 2015 11:48:17 AM backup.Autosaverecord addLog
INFO: 14 January 2015 11:47:48
Jan 14, 2015 11:48:17 AM backup.Autosaverecord addLog
INFO: DEACTIVATE
Jan 14, 2015 11:48:17 AM backup.Autosaverecord addLog
INFO: 530710033
Jan 14, 2015 11:48:17 AM backup.Autosaverecord addLog
INFO: record
Jan 14, 2015 11:48:17 AM backup.Autosaverecord addLog
INFO: 14 January 2015 11:47:49
Jan 14, 2015 11:48:17 AM backup.Autosaverecord addLog
INFO: DISCONNECT
Jan 14, 2015 11:48:17 AM backup.Autosaverecord addLog
INFO: 530710033
Jan 14, 2015 11:48:17 AM backup.Autosaverecord addLog
INFO: record
Jan 14, 2015 11:48:17 AM backup.Autosaverecord addLog
INFO: 14 January 2015 11:47:50
Jan 14, 2015 11:48:17 AM backup.Autosaverecord addLog
INFO: TABLET REGISTRATION
Jan 14, 2015 11:48:17 AM backup.Autosaverecord addLog
INFO: 530710033
Jan 14, 2015 11:48:17 AM backup.Autosaverecord addLog
INFO: 105 (SM-P901)
Jan 14, 2015 11:48:17 AM backup.Autosaverecord addLog
INFO: record
Jan 14, 2015 11:48:17 AM backup.Autosaverecord addLog
INFO: 14 January 2015 11:48:16
Jan 14, 2015 11:48:17 AM backup.Autosaverecord addLog
INFO: START ALL
Jan 14, 2015 11:49:18 AM backup.Autosaverecord addLog
INFO: record
Jan 14, 2015 11:49:18 AM backup.Autosaverecord addLog
INFO: 14 January 2015 11:48:48
Jan 14, 2015 11:49:18 AM backup.Autosaverecord addLog
INFO: TABLET REGISTRATION
Jan 14, 2015 11:49:18 AM backup.Autosaverecord addLog
INFO: 530710050
Jan 14, 2015 11:49:18 AM backup.Autosaverecord addLog
INFO: 107 (SM-P901)
Jan 14, 2015 11:49:18 AM backup.Autosaverecord addLog
INFO: record
Jan 14, 2015 11:49:18 AM backup.Autosaverecord addLog
INFO: 14 January 2015 11:49:08
Jan 14, 2015 11:49:18 AM backup.Autosaverecord addLog
INFO: START
Jan 14, 2015 11:49:18 AM backup.Autosaverecord addLog
INFO: 530710050
Jan 14, 2015 11:49:18 AM backup.Autosaverecord addLog
INFO: record
Jan 14, 2015 11:49:18 AM backup.Autosaverecord addLog
INFO: 14 January 2015 11:49:16
Jan 14, 2015 11:49:18 AM backup.Autosaverecord addLog
INFO: STOP ALL
Jan 14, 2015 11:50:19 AM backup.Autosaverecord addLog
INFO: record
Jan 14, 2015 11:50:19 AM backup.Autosaverecord addLog
INFO: 14 January 2015 11:49:44
Jan 14, 2015 11:50:19 AM backup.Autosaverecord addLog
INFO: START ALL
Jan 14, 2015 11:50:19 AM backup.Autosaverecord addLog
INFO: record
Jan 14, 2015 11:50:19 AM backup.Autosaverecord addLog
INFO: 14 January 2015 11:49:56
Jan 14, 2015 11:50:19 AM backup.Autosaverecord addLog
INFO: STOP ALL
Jan 14, 2015 11:50:19 AM backup.Autosaverecord addLog
INFO: record
Jan 14, 2015 11:50:19 AM backup.Autosaverecord addLog
INFO: 14 January 2015 11:50:11
Jan 14, 2015 11:50:19 AM backup.Autosaverecord addLog
INFO: DEACTIVATE
Jan 14, 2015 11:50:19 AM backup.Autosaverecord addLog
INFO: 530710019
Jan 14, 2015 11:50:19 AM backup.Autosaverecord addLog
INFO: record
Jan 14, 2015 11:50:19 AM backup.Autosaverecord addLog
INFO: 14 January 2015 11:50:13
Jan 14, 2015 11:50:19 AM backup.Autosaverecord addLog
INFO: DEACTIVATE
Jan 14, 2015 11:50:19 AM backup.Autosaverecord addLog
INFO: 530710004
Jan 14, 2015 11:50:19 AM backup.Autosaverecord addLog
INFO: record
Jan 14, 2015 11:50:19 AM backup.Autosaverecord addLog
INFO: 14 January 2015 11:50:13
Jan 14, 2015 11:50:19 AM backup.Autosaverecord addLog
INFO: DISCONNECT
Jan 14, 2015 11:50:19 AM backup.Autosaverecord addLog
INFO: 530710004
